

================================================================
== Vivado HLS Report for 'cnn'
================================================================
* Date:           Mon Jun  2 17:36:14 2025

* Version:        2019.2 (Build 2704478 on Wed Nov 06 22:10:23 MST 2019)
* Project:        cnniot
* Solution:       solution1
* Product family: zynq
* Target device:  xc7z020-clg400-2


================================================================
== Performance Estimates
================================================================
+ Timing: 
    * Summary: 
    +--------+----------+----------+------------+
    |  Clock |  Target  | Estimated| Uncertainty|
    +--------+----------+----------+------------+
    |ap_clk  | 10.00 ns | 9.478 ns |   1.25 ns  |
    +--------+----------+----------+------------+

+ Latency: 
    * Summary: 
    +---------+---------+----------+----------+-----+-----+---------+
    |  Latency (cycles) |  Latency (absolute) |  Interval | Pipeline|
    |   min   |   max   |    min   |    max   | min | max |   Type  |
    +---------+---------+----------+----------+-----+-----+---------+
    |        ?|        ?|         ?|         ?|    ?|    ?|   none  |
    +---------+---------+----------+----------+-----+-----+---------+

    + Detail: 
        * Instance: 
        +---------------------------------+----------------------+---------+---------+----------+----------+-----+-----+----------+
        |                                 |                      |  Latency (cycles) |  Latency (absolute) |  Interval | Pipeline |
        |             Instance            |        Module        |   min   |   max   |    min   |    max   | min | max |   Type   |
        +---------------------------------+----------------------+---------+---------+----------+----------+-----+-----+----------+
        |grp_p_hls_fptosi_float_i_fu_890  |p_hls_fptosi_float_i  |        0|        0|   0 ns   |   0 ns   |    1|    1| function |
        |grp_Axi_Transfer_fu_896          |Axi_Transfer          |        0|        0|   0 ns   |   0 ns   |    1|    1| function |
        +---------------------------------+----------------------+---------+---------+----------+----------+-----+-----+----------+

        * Loop: 
        +-------------------------+---------+---------+----------+-----------+-----------+------+----------+
        |                         |  Latency (cycles) | Iteration|  Initiation Interval  | Trip |          |
        |        Loop Name        |   min   |   max   |  Latency |  achieved |   target  | Count| Pipelined|
        +-------------------------+---------+---------+----------+-----------+-----------+------+----------+
        |- Loop 1                 |        ?|        ?|         ?|          -|          -|  inf |    no    |
        | + Loop 1.1              |       34|       34|         2|          -|          -|    17|    no    |
        | + Loop 1.2              |        ?|        ?|        19|          -|          -|     ?|    no    |
        | + Loop 1.3              |        ?|        ?|        19|          -|          -|     ?|    no    |
        | + Loop 1.4              |        ?|        ?|        19|          -|          -|     ?|    no    |
        | + Loop 1.5              |        ?|        ?|         ?|          -|          -|     ?|    no    |
        |  ++ Loop 1.5.1          |        ?|        ?|         ?|          -|          -|     ?|    no    |
        |   +++ Loop 1.5.1.1      |        ?|        ?|         ?|          -|          -|     ?|    no    |
        |    ++++ Loop 1.5.1.1.1  |        ?|        ?|         9|          -|          -|     ?|    no    |
        | + Loop 1.6              |        ?|        ?|         7|          -|          -|     ?|    no    |
        | + Loop 1.7              |        ?|        ?|         ?|          -|          -|     ?|    no    |
        |  ++ Loop 1.7.1          |        ?|        ?|         ?|          -|          -|     ?|    no    |
        |   +++ Loop 1.7.1.1      |        ?|        ?|  3 ~ 11  |          -|          -|     ?|    no    |
        | + Loop 1.8              |        ?|        ?|        19|          -|          -|     ?|    no    |
        | + Loop 1.9              |        ?|        ?|        19|          -|          -|     ?|    no    |
        | + Loop 1.10             |        ?|        ?|         ?|          -|          -|     ?|    no    |
        |  ++ Loop 1.10.1         |        ?|        ?|        25|          -|          -|     ?|    no    |
        | + Loop 1.11             |        ?|        ?|         4|          -|          -|     ?|    no    |
        +-------------------------+---------+---------+----------+-----------+-----------+------+----------+



================================================================
== Utilization Estimates
================================================================
* Summary: 
+-----------------+---------+-------+--------+-------+-----+
|       Name      | BRAM_18K| DSP48E|   FF   |  LUT  | URAM|
+-----------------+---------+-------+--------+-------+-----+
|DSP              |        -|      -|       -|      -|    -|
|Expression       |        -|     84|       0|   3662|    -|
|FIFO             |        -|      -|       -|      -|    -|
|Instance         |        -|     21|    3451|   4300|    -|
|Memory           |      132|      -|      64|      9|    0|
|Multiplexer      |        -|      -|       -|    236|    -|
|Register         |        -|      -|    5560|      -|    -|
+-----------------+---------+-------+--------+-------+-----+
|Total            |      132|    105|    9075|   8207|    0|
+-----------------+---------+-------+--------+-------+-----+
|Available        |      280|    220|  106400|  53200|    0|
+-----------------+---------+-------+--------+-------+-----+
|Utilization (%)  |       47|     47|       8|     15|    0|
+-----------------+---------+-------+--------+-------+-----+

+ Detail: 
    * Instance: 
    +---------------------------------+----------------------+---------+-------+-----+-----+-----+
    |             Instance            |        Module        | BRAM_18K| DSP48E|  FF | LUT | URAM|
    +---------------------------------+----------------------+---------+-------+-----+-----+-----+
    |grp_Axi_Transfer_fu_896          |Axi_Transfer          |        0|      0|    1|   39|    0|
    |cnn_fadd_32ns_32nbkb_U18         |cnn_fadd_32ns_32nbkb  |        0|      2|  227|  404|    0|
    |cnn_fcmp_32ns_32nfYi_U22         |cnn_fcmp_32ns_32nfYi  |        0|      0|   66|  239|    0|
    |cnn_fdiv_32ns_32ndEe_U20         |cnn_fdiv_32ns_32ndEe  |        0|      0|  563|  991|    0|
    |cnn_fmul_32ns_32ncud_U19         |cnn_fmul_32ns_32ncud  |        0|      3|  128|  320|    0|
    |cnn_mul_64ns_32nshbi_U25         |cnn_mul_64ns_32nshbi  |        0|      8|  361|  195|    0|
    |cnn_mul_64ns_32nshbi_U28         |cnn_mul_64ns_32nshbi  |        0|      8|  361|  195|    0|
    |cnn_sdiv_32ns_32sg8j_U23         |cnn_sdiv_32ns_32sg8j  |        0|      0|  394|  238|    0|
    |cnn_sdiv_32ns_32sg8j_U24         |cnn_sdiv_32ns_32sg8j  |        0|      0|  394|  238|    0|
    |cnn_sdiv_32s_32s_ibs_U26         |cnn_sdiv_32s_32s_ibs  |        0|      0|  394|  238|    0|
    |cnn_sdiv_32s_32s_ibs_U27         |cnn_sdiv_32s_32s_ibs  |        0|      0|  394|  238|    0|
    |cnn_sitofp_32ns_3eOg_U21         |cnn_sitofp_32ns_3eOg  |        0|      0|  168|  534|    0|
    |grp_p_hls_fptosi_float_i_fu_890  |p_hls_fptosi_float_i  |        0|      0|    0|  431|    0|
    +---------------------------------+----------------------+---------+-------+-----+-----+-----+
    |Total                            |                      |        0|     21| 3451| 4300|    0|
    +---------------------------------+----------------------+---------+-------+-----+-----+-----+

    * DSP48E: 
    N/A

    * Memory: 
    +--------------+----------------+---------+----+----+-----+-------+-----+------+-------------+
    |    Memory    |     Module     | BRAM_18K| FF | LUT| URAM| Words | Bits| Banks| W*Bits*Banks|
    +--------------+----------------+---------+----+----+-----+-------+-----+------+-------------+
    |Bias_U        |cnn_Bias        |        4|   0|   0|    0|   2000|   32|     1|        64000|
    |Input_U       |cnn_Input       |       64|   0|   0|    0|  30000|   32|     1|       960000|
    |Weight_U      |cnn_Input       |       64|   0|   0|    0|  30000|   32|     1|       960000|
    |Parameters_U  |cnn_Parameters  |        0|  64|   9|    0|     17|   32|     1|          544|
    +--------------+----------------+---------+----+----+-----+-------+-----+------+-------------+
    |Total         |                |      132|  64|   9|    0|  62017|  128|     4|      1984544|
    +--------------+----------------+---------+----+----+-----+-------+-----+------+-------------+

    * FIFO: 
    N/A

    * Expression: 
    +-----------------------------------------+----------+-------+---+----+------------+------------+
    |              Variable Name              | Operation| DSP48E| FF| LUT| Bitwidth P0| Bitwidth P1|
    +-----------------------------------------+----------+-------+---+----+------------+------------+
    |R_Row_fu_1464_p2                         |     *    |      3|  0|  21|          32|          32|
    |mul_ln108_fu_1247_p2                     |     *    |      3|  0|  21|          32|          32|
    |mul_ln112_1_fu_1237_p2                   |     *    |      3|  0|  21|          32|          32|
    |mul_ln112_fu_1233_p2                     |     *    |      3|  0|  21|          32|          32|
    |mul_ln121_fu_1355_p2                     |     *    |      3|  0|  21|          31|          32|
    |mul_ln132_fu_1419_p2                     |     *    |      3|  0|  21|          32|          31|
    |mul_ln135_1_fu_1376_p2                   |     *    |      3|  0|  21|          31|          32|
    |mul_ln135_fu_1274_p2                     |     *    |      3|  0|  21|          31|          32|
    |mul_ln138_fu_1399_p2                     |     *    |      3|  0|  21|          31|          32|
    |mul_ln195_fu_1642_p2                     |     *    |      3|  0|  21|          32|          32|
    |mul_ln199_1_fu_1627_p2                   |     *    |      3|  0|  21|          32|          32|
    |mul_ln199_fu_1623_p2                     |     *    |      3|  0|  21|          32|          32|
    |mul_ln222_1_fu_1670_p2                   |     *    |      3|  0|  21|          31|          32|
    |mul_ln222_2_fu_1834_p2                   |     *    |      3|  0|  21|          32|          31|
    |mul_ln222_3_fu_1703_p2                   |     *    |      3|  0|  21|          32|          32|
    |mul_ln222_4_fu_1773_p2                   |     *    |      3|  0|  21|          32|          31|
    |mul_ln222_5_fu_1781_p2                   |     *    |      3|  0|  21|          32|          31|
    |mul_ln222_6_fu_1819_p2                   |     *    |      3|  0|  21|          32|          32|
    |mul_ln222_fu_1679_p2                     |     *    |      3|  0|  21|          31|          32|
    |mul_ln227_1_fu_1885_p2                   |     *    |      3|  0|  21|          32|          32|
    |mul_ln227_2_fu_1808_p2                   |     *    |      3|  0|  21|          32|          32|
    |mul_ln227_fu_1699_p2                     |     *    |      3|  0|  21|          32|          32|
    |mul_ln243_fu_1632_p2                     |     *    |      3|  0|  21|          32|          32|
    |mul_ln99_1_fu_1163_p2                    |     *    |      3|  0|  21|          32|          32|
    |mul_ln99_2_fu_1172_p2                    |     *    |      3|  0|  21|          32|          32|
    |mul_ln99_fu_1159_p2                      |     *    |      3|  0|  21|          32|          32|
    |tmp33_fu_1430_p2                         |     *    |      3|  0|  21|          32|          32|
    |tmp34_fu_1468_p2                         |     *    |      3|  0|  21|          32|          32|
    |H_Result_fu_1221_p2                      |     +    |      0|  0|  32|          32|           1|
    |Index_fu_1492_p2                         |     +    |      0|  0|  32|          32|          32|
    |W_Result_fu_1227_p2                      |     +    |      0|  0|  32|          32|           1|
    |add_ln121_1_fu_1312_p2                   |     +    |      0|  0|  31|          31|           1|
    |add_ln121_fu_1293_p2                     |     +    |      0|  0|  96|          96|           1|
    |add_ln123_1_fu_1582_p2                   |     +    |      0|  0|  64|          64|           1|
    |add_ln125_fu_1562_p2                     |     +    |      0|  0|  31|          31|           1|
    |add_ln135_1_fu_1454_p2                   |     +    |      0|  0|  32|          32|          32|
    |add_ln135_fu_1449_p2                     |     +    |      0|  0|  32|          32|          32|
    |add_ln138_fu_1487_p2                     |     +    |      0|  0|  32|          32|          32|
    |add_ln140_fu_1502_p2                     |     +    |      0|  0|  32|          32|          32|
    |add_ln205_1_fu_1716_p2                   |     +    |      0|  0|  31|          31|           1|
    |add_ln205_fu_1689_p2                     |     +    |      0|  0|  96|          96|           1|
    |add_ln207_1_fu_2110_p2                   |     +    |      0|  0|  64|          64|           1|
    |add_ln209_fu_2090_p2                     |     +    |      0|  0|  31|          31|           1|
    |add_ln222_1_fu_1855_p2                   |     +    |      0|  0|  32|          32|          32|
    |add_ln222_2_fu_1803_p2                   |     +    |      0|  0|  32|          32|          32|
    |add_ln222_fu_1695_p2                     |     +    |      0|  0|  32|          32|          32|
    |add_ln227_1_fu_1889_p2                   |     +    |      0|  0|  32|          32|          32|
    |add_ln227_2_fu_1893_p2                   |     +    |      0|  0|  32|          32|          32|
    |add_ln227_fu_1880_p2                     |     +    |      0|  0|  32|          32|          32|
    |grp_fu_977_p2                            |     +    |      0|  0|  32|          32|          32|
    |i_1_fu_1908_p2                           |     +    |      0|  0|  31|          31|           1|
    |i_fu_1443_p2                             |     +    |      0|  0|  31|          31|           1|
    |idx2_3_fu_1338_p2                        |     +    |      0|  0|  31|          31|           1|
    |idx2_4_fu_1750_p2                        |     +    |      0|  0|  31|          31|           1|
    |idx2_fu_2189_p2                          |     +    |      0|  0|  31|          31|           1|
    |idx_1_fu_1133_p2                         |     +    |      0|  0|  31|          31|           1|
    |idx_2_fu_1153_p2                         |     +    |      0|  0|  31|          31|           1|
    |idx_3_fu_1185_p2                         |     +    |      0|  0|  31|          31|           1|
    |idx_4_fu_1604_p2                         |     +    |      0|  0|  31|          31|           1|
    |idx_5_fu_2133_p2                         |     +    |      0|  0|  31|          31|           1|
    |idx_6_fu_2153_p2                         |     +    |      0|  0|  31|          31|           1|
    |idx_7_fu_2269_p2                         |     +    |      0|  0|  31|          31|           1|
    |idx_8_fu_2173_p2                         |     +    |      0|  0|  31|          31|           1|
    |idx_fu_1101_p2                           |     +    |      0|  0|   7|           5|           1|
    |j_fu_1481_p2                             |     +    |      0|  0|  31|          31|           1|
    |k_1_fu_1874_p2                           |     +    |      0|  0|  31|          31|           1|
    |k_fu_1413_p2                             |     +    |      0|  0|  31|          31|           1|
    |tmp31_fu_1459_p2                         |     +    |      0|  0|  32|          32|          32|
    |tmp32_fu_1425_p2                         |     +    |      0|  0|  32|          32|          32|
    |grp_fu_1196_p0                           |     -    |      0|  0|  32|          32|          32|
    |grp_fu_1205_p0                           |     -    |      0|  0|  32|          32|          32|
    |and_ln153_fu_1548_p2                     |    and   |      0|  0|   1|           1|           1|
    |and_ln228_1_fu_2009_p2                   |    and   |      0|  0|   1|           1|           1|
    |and_ln228_fu_2003_p2                     |    and   |      0|  0|   1|           1|           1|
    |and_ln247_fu_2076_p2                     |    and   |      0|  0|   1|           1|           1|
    |and_ln301_fu_2236_p2                     |    and   |      0|  0|   1|           1|           1|
    |grp_fu_1071_p2                           |   icmp   |      0|  0|  12|          32|           1|
    |grp_fu_1077_p2                           |   icmp   |      0|  0|  12|          32|           1|
    |grp_fu_1083_p2                           |   icmp   |      0|  0|  12|          32|           1|
    |grp_fu_1089_p2                           |   icmp   |      0|  0|  12|          32|           1|
    |grp_fu_971_p2                            |   icmp   |      0|  0|  12|          32|           1|
    |icmp_ln121_fu_1288_p2                    |   icmp   |      0|  0|  33|          96|          96|
    |icmp_ln123_fu_1299_p2                    |   icmp   |      0|  0|  23|          64|          64|
    |icmp_ln125_1_fu_1265_p2                  |   icmp   |      0|  0|  12|          32|           1|
    |icmp_ln125_fu_1283_p2                    |   icmp   |      0|  0|  12|          32|          32|
    |icmp_ln130_fu_1408_p2                    |   icmp   |      0|  0|  12|          32|          32|
    |icmp_ln133_fu_1438_p2                    |   icmp   |      0|  0|  12|          32|          32|
    |icmp_ln136_fu_1476_p2                    |   icmp   |      0|  0|  12|          32|          32|
    |icmp_ln151_fu_1210_p2                    |   icmp   |      0|  0|  12|          32|           1|
    |icmp_ln153_1_fu_1536_p2                  |   icmp   |      0|  0|   9|          23|           1|
    |icmp_ln153_fu_1530_p2                    |   icmp   |      0|  0|   4|           8|           2|
    |icmp_ln188_fu_1599_p2                    |   icmp   |      0|  0|  12|          32|          32|
    |icmp_ln205_fu_1684_p2                    |   icmp   |      0|  0|  33|          96|          96|
    |icmp_ln207_fu_1722_p2                    |   icmp   |      0|  0|  23|          64|          64|
    |icmp_ln209_1_fu_1661_p2                  |   icmp   |      0|  0|  12|          32|           1|
    |icmp_ln209_fu_1711_p2                    |   icmp   |      0|  0|  12|          32|          32|
    |icmp_ln213_fu_1869_p2                    |   icmp   |      0|  0|  12|          32|          32|
    |icmp_ln215_fu_1903_p2                    |   icmp   |      0|  0|  12|          32|          32|
    |icmp_ln220_fu_1920_p2                    |   icmp   |      0|  0|  12|          31|           1|
    |icmp_ln228_1_fu_1973_p2                  |   icmp   |      0|  0|   9|          23|           1|
    |icmp_ln228_2_fu_1985_p2                  |   icmp   |      0|  0|   4|           8|           2|
    |icmp_ln228_3_fu_1991_p2                  |   icmp   |      0|  0|   9|          23|           1|
    |icmp_ln228_fu_1967_p2                    |   icmp   |      0|  0|   4|           8|           2|
    |icmp_ln234_fu_2029_p2                    |   icmp   |      0|  0|  12|          31|           1|
    |icmp_ln247_1_fu_2064_p2                  |   icmp   |      0|  0|   9|          23|           1|
    |icmp_ln247_fu_2058_p2                    |   icmp   |      0|  0|   4|           8|           2|
    |icmp_ln258_fu_1764_p2                    |   icmp   |      0|  0|  12|          32|           2|
    |icmp_ln272_fu_2127_p2                    |   icmp   |      0|  0|  12|          32|          32|
    |icmp_ln282_fu_2148_p2                    |   icmp   |      0|  0|  12|          32|          32|
    |icmp_ln290_fu_2168_p2                    |   icmp   |      0|  0|  12|          32|          32|
    |icmp_ln293_fu_2183_p2                    |   icmp   |      0|  0|  12|          32|          32|
    |icmp_ln301_1_fu_2224_p2                  |   icmp   |      0|  0|   9|          23|           1|
    |icmp_ln301_fu_2218_p2                    |   icmp   |      0|  0|   4|           8|           2|
    |icmp_ln310_fu_2264_p2                    |   icmp   |      0|  0|  12|          32|          32|
    |icmp_ln46_fu_1095_p2                     |   icmp   |      0|  0|   2|           5|           5|
    |icmp_ln58_fu_1112_p2                     |   icmp   |      0|  0|  12|          32|           1|
    |icmp_ln77_fu_1118_p2                     |   icmp   |      0|  0|  12|          32|           1|
    |icmp_ln79_fu_1128_p2                     |   icmp   |      0|  0|  12|          32|          32|
    |icmp_ln90_fu_1148_p2                     |   icmp   |      0|  0|  12|          32|          32|
    |icmp_ln99_fu_1180_p2                     |   icmp   |      0|  0|  12|          32|          32|
    |ap_block_state114                        |    or    |      0|  0|   1|           1|           1|
    |grp_Axi_Transfer_fu_896_out_data_TREADY  |    or    |      0|  0|   1|           1|           1|
    |or_ln153_fu_1542_p2                      |    or    |      0|  0|   1|           1|           1|
    |or_ln220_fu_1914_p2                      |    or    |      0|  0|  31|          31|          31|
    |or_ln228_1_fu_1997_p2                    |    or    |      0|  0|   1|           1|           1|
    |or_ln228_fu_1979_p2                      |    or    |      0|  0|   1|           1|           1|
    |or_ln234_fu_2023_p2                      |    or    |      0|  0|  31|          31|          31|
    |or_ln247_fu_2070_p2                      |    or    |      0|  0|   1|           1|           1|
    |or_ln301_fu_2230_p2                      |    or    |      0|  0|   1|           1|           1|
    |Pool_Value_5_fu_2015_p3                  |  select  |      0|  0|  32|           1|          32|
    |idx3_1_fu_2103_p3                        |  select  |      0|  0|  31|           1|          31|
    |idx3_fu_1575_p3                          |  select  |      0|  0|  31|           1|          31|
    |select_ln121_1_fu_1318_p3                |  select  |      0|  0|  31|           1|          31|
    |select_ln121_2_fu_1360_p3                |  select  |      0|  0|  32|           1|           1|
    |select_ln121_3_fu_1366_p3                |  select  |      0|  0|  31|           1|           1|
    |select_ln121_4_fu_1331_p3                |  select  |      0|  0|   2|           1|           1|
    |select_ln121_fu_1304_p3                  |  select  |      0|  0|  31|           1|           1|
    |select_ln123_1_fu_1388_p3                |  select  |      0|  0|  31|           1|          31|
    |select_ln123_2_fu_1344_p3                |  select  |      0|  0|  31|           1|          31|
    |select_ln123_3_fu_1588_p3                |  select  |      0|  0|  64|           1|           1|
    |select_ln123_fu_1381_p3                  |  select  |      0|  0|  32|           1|          32|
    |select_ln125_fu_1568_p3                  |  select  |      0|  0|  31|           1|           1|
    |select_ln153_fu_1554_p3                  |  select  |      0|  0|  32|           1|           1|
    |select_ln205_1_fu_1786_p3                |  select  |      0|  0|  32|           1|          32|
    |select_ln205_2_fu_1839_p3                |  select  |      0|  0|  32|           1|          32|
    |select_ln205_3_fu_1791_p3                |  select  |      0|  0|  32|           1|           1|
    |select_ln205_4_fu_1844_p3                |  select  |      0|  0|  32|           1|          32|
    |select_ln205_5_fu_1812_p3                |  select  |      0|  0|  31|           1|           1|
    |select_ln205_6_fu_1735_p3                |  select  |      0|  0|   2|           1|           1|
    |select_ln205_7_fu_1742_p3                |  select  |      0|  0|  31|           1|          31|
    |select_ln205_fu_1727_p3                  |  select  |      0|  0|  31|           1|           1|
    |select_ln207_1_fu_1849_p3                |  select  |      0|  0|  32|           1|          32|
    |select_ln207_2_fu_1823_p3                |  select  |      0|  0|  31|           1|          31|
    |select_ln207_3_fu_1756_p3                |  select  |      0|  0|  31|           1|          31|
    |select_ln207_4_fu_2116_p3                |  select  |      0|  0|  64|           1|           1|
    |select_ln207_fu_1797_p3                  |  select  |      0|  0|  32|           1|          32|
    |select_ln209_fu_2096_p3                  |  select  |      0|  0|  31|           1|           1|
    |select_ln247_fu_2082_p3                  |  select  |      0|  0|  32|           1|           1|
    |select_ln301_fu_2242_p3                  |  select  |      0|  0|  32|           1|           1|
    +-----------------------------------------+----------+-------+---+----+------------+------------+
    |Total                                    |          |     84|  0|3662|        3921|        2858|
    +-----------------------------------------+----------+-------+---+----+------------+------------+

    * Multiplexer: 
    +-----------------------------------+----+-----------+-----+-----------+
    |                Name               | LUT| Input Size| Bits| Total Bits|
    +-----------------------------------+----+-----------+-----+-----------+
    |Bias_address0                      |   4|          5|   11|         55|
    |Convolve_value_0_reg_549           |   3|          2|   32|         64|
    |Convolve_value_1_reg_572           |   3|          2|   32|         64|
    |Convolve_value_2_reg_595           |   3|          2|   32|         64|
    |Convolve_value_3_reg_607           |   3|          2|   32|         64|
    |Convolve_value_5_reg_618           |   3|          2|   32|         64|
    |Input_address0                     |   5|          9|   15|        135|
    |Input_d0                           |   3|          3|   32|         96|
    |Parameters_address0                |   6|         16|    5|         80|
    |Parameters_address1                |   6|         13|    5|         65|
    |Pool_Value_0_reg_712               |   3|          2|   32|         64|
    |Pool_Value_1_be_reg_761            |   3|          2|   32|         64|
    |Pool_Value_1_reg_736               |   3|          2|   32|         64|
    |Pool_Value_4_reg_748               |   3|          3|   32|         96|
    |Pool_Value_7_reg_776               |   3|          2|   32|         64|
    |Pool_Value_9_reg_787               |   3|          2|   32|         64|
    |Transfer_value_0_reg_833           |   3|          2|   32|         64|
    |Transfer_value_2_reg_857           |   3|          2|   32|         64|
    |Transfer_value_3_reg_868           |   3|          2|   32|         64|
    |Weight_address0                    |   4|          5|   15|         75|
    |Weight_d0                          |   3|          3|   32|         96|
    |ap_NS_fsm                          |  11|        325|    1|        325|
    |grp_Axi_Transfer_fu_896_loop_r     |   3|          3|    1|          3|
    |grp_Axi_Transfer_fu_896_value_r    |   6|         12|   32|        384|
    |grp_fu_938_p0                      |   4|          6|   32|        192|
    |grp_fu_938_p1                      |   3|          4|   32|        128|
    |grp_fu_947_p0                      |   3|          4|   32|        128|
    |grp_fu_947_p1                      |   4|          5|   32|        160|
    |grp_fu_953_p0                      |   3|          4|   32|        128|
    |grp_fu_953_p1                      |   3|          4|   32|        128|
    |grp_fu_958_p0                      |   4|          7|   32|        224|
    |grp_fu_961_opcode                  |   3|          3|    5|         15|
    |grp_fu_961_p0                      |   4|          5|   32|        160|
    |grp_fu_961_p1                      |   3|          3|   32|         96|
    |grp_fu_977_p1                      |   3|          3|   32|         96|
    |grp_p_hls_fptosi_float_i_fu_890_x  |   4|          5|   32|        160|
    |i12_0_reg_724                      |   3|          2|   31|         62|
    |i_0_reg_561                        |   3|          2|   31|         62|
    |idx13_0_reg_797                    |   3|          2|   31|         62|
    |idx14_0_reg_809                    |   3|          2|   31|         62|
    |idx15_0_reg_821                    |   3|          2|   31|         62|
    |idx17_0_reg_879                    |   3|          2|   31|         62|
    |idx1_0_reg_445                     |   3|          2|   31|         62|
    |idx216_0_reg_845                   |   3|          2|   31|         62|
    |idx25_0_reg_515                    |   3|          2|   31|         62|
    |idx29_0_reg_664                    |   3|          2|   31|         62|
    |idx2_0_reg_457                     |   3|          2|   31|         62|
    |idx310_0_reg_688                   |   3|          2|   31|         62|
    |idx36_0_reg_526                    |   3|          2|   31|         62|
    |idx3_0_reg_469                     |   3|          2|   31|         62|
    |idx4_0_reg_492                     |   3|          2|   31|         62|
    |idx7_0_reg_629                     |   3|          2|   31|         62|
    |idx8_0_reg_652                     |   3|          2|   31|         62|
    |idx_0_reg_433                      |   3|          2|    5|         10|
    |in_data_TDATA_blk_n                |   3|          2|    1|          2|
    |in_data_TREADY_int                 |   3|          2|    1|          2|
    |indvar_flatten22_reg_481           |   3|          2|   96|        192|
    |indvar_flatten32_reg_676           |   3|          2|   64|        128|
    |indvar_flatten58_reg_641           |   3|          2|   96|        192|
    |indvar_flatten_reg_503             |   3|          2|   64|        128|
    |j_0_reg_584                        |   3|          2|   31|         62|
    |k11_0_reg_700                      |   3|          2|   31|         62|
    |k_0_reg_538                        |   3|          2|   31|         62|
    |out_data_TDATA_blk_n               |   3|          2|    1|          2|
    |out_data_TVALID_int                |   3|          2|    1|          2|
    |reg_1004                           |   3|          2|   32|         64|
    |reg_981                            |   3|          2|   32|         64|
    |reg_987                            |   3|          2|   32|         64|
    |reg_993                            |   3|          2|   32|         64|
    |reg_999                            |   3|          2|   32|         64|
    +-----------------------------------+----+-----------+-----+-----------+
    |Total                              | 236|        544| 2063|       6075|
    +-----------------------------------+----+-----------+-----+-----------+

    * Register: 
    +-----------------------------+-----+----+-----+-----------+
    |             Name            |  FF | LUT| Bits| Const Bits|
    +-----------------------------+-----+----+-----+-----------+
    |Convolve_value_0_reg_549     |   32|   0|   32|          0|
    |Convolve_value_1_reg_572     |   32|   0|   32|          0|
    |Convolve_value_2_reg_595     |   32|   0|   32|          0|
    |Convolve_value_3_reg_607     |   32|   0|   32|          0|
    |Convolve_value_5_reg_618     |   32|   0|   32|          0|
    |Convolve_value_reg_2710      |   32|   0|   32|          0|
    |Filter_size_0_reg_2403       |   32|   0|   32|          0|
    |Filter_size_1_reg_2411       |   32|   0|   32|          0|
    |Filter_size_2_reg_2418       |   32|   0|   32|          0|
    |Filter_size_3_reg_2426       |   32|   0|   32|          0|
    |H_Result_1_reg_2801          |   32|   0|   32|          0|
    |H_Result_reg_2516            |   32|   0|   32|          0|
    |Input_Size_1_1_reg_2730      |   32|   0|   32|          0|
    |Input_Size_2_1_reg_2737      |   32|   0|   32|          0|
    |Input_Size_2_reg_2434        |   32|   0|   32|          0|
    |Parameters_load_14_reg_2446  |   32|   0|   32|          0|
    |Parameters_load_18_reg_2747  |   32|   0|   32|          0|
    |Parameters_load_19_reg_2754  |   32|   0|   32|          0|
    |Parameters_load_20_reg_2759  |   32|   0|   32|          0|
    |Parameters_load_21_reg_2766  |   32|   0|   32|          0|
    |Parameters_load_25_reg_2776  |   32|   0|   32|          0|
    |Parameters_load_31_reg_3090  |   32|   0|   32|          0|
    |Parameters_load_32_reg_3107  |   32|   0|   32|          0|
    |Parameters_load_5_reg_2390   |   32|   0|   32|          0|
    |Parameters_load_6_reg_2397   |   32|   0|   32|          0|
    |Pool_Value_0_reg_712         |   32|   0|   32|          0|
    |Pool_Value_1_be_reg_761      |   32|   0|   32|          0|
    |Pool_Value_1_reg_736         |   32|   0|   32|          0|
    |Pool_Value_4_reg_748         |   32|   0|   32|          0|
    |Pool_Value_6_reg_3049        |   32|   0|   32|          0|
    |Pool_Value_7_reg_776         |   32|   0|   32|          0|
    |Pool_Value_9_reg_787         |   32|   0|   32|          0|
    |Precision_reg_2440           |   32|   0|   32|          0|
    |R_Row_reg_2677               |   32|   0|   32|          0|
    |Transfer_value_0_reg_833     |   32|   0|   32|          0|
    |Transfer_value_1_reg_3149    |   32|   0|   32|          0|
    |Transfer_value_2_reg_857     |   32|   0|   32|          0|
    |Transfer_value_3_reg_868     |   32|   0|   32|          0|
    |W_Result_1_reg_2808          |   32|   0|   32|          0|
    |W_Result_reg_2523            |   32|   0|   32|          0|
    |add_ln121_reg_2576           |   96|   0|   96|          0|
    |add_ln135_1_reg_2667         |   32|   0|   32|          0|
    |add_ln205_1_reg_2900         |   31|   0|   31|          0|
    |add_ln205_reg_2880           |   96|   0|   96|          0|
    |add_ln222_2_reg_2960         |   32|   0|   32|          0|
    |add_ln222_reg_2885           |   32|   0|   32|          0|
    |add_ln227_2_reg_3010         |   32|   0|   32|          0|
    |add_ln227_reg_3000           |   32|   0|   32|          0|
    |ap_CS_fsm                    |  324|   0|  324|          0|
    |i12_0_reg_724                |   31|   0|   31|          0|
    |i_0_reg_561                  |   31|   0|   31|          0|
    |i_1_reg_3023                 |   31|   0|   31|          0|
    |i_reg_2662                   |   31|   0|   31|          0|
    |icmp_ln123_reg_2581          |    1|   0|    1|          0|
    |icmp_ln125_1_reg_2563        |    1|   0|    1|          0|
    |icmp_ln145_reg_2508          |    1|   0|    1|          0|
    |icmp_ln151_reg_2512          |    1|   0|    1|          0|
    |icmp_ln168_reg_2617          |    1|   0|    1|          0|
    |icmp_ln186_reg_2772          |    1|   0|    1|          0|
    |icmp_ln205_reg_2876          |    1|   0|    1|          0|
    |icmp_ln207_reg_2905          |    1|   0|    1|          0|
    |icmp_ln209_1_reg_2858        |    1|   0|    1|          0|
    |icmp_ln218_reg_2789          |    1|   0|    1|          0|
    |icmp_ln232_reg_2793          |    1|   0|    1|          0|
    |icmp_ln245_reg_2797          |    1|   0|    1|          0|
    |icmp_ln258_reg_2939          |    1|   0|    1|          0|
    |icmp_ln270_reg_3074          |    1|   0|    1|          0|
    |icmp_ln280_reg_3086          |    1|   0|    1|          0|
    |icmp_ln299_reg_3103          |    1|   0|    1|          0|
    |icmp_ln58_reg_2382           |    1|   0|    1|          0|
    |icmp_ln77_reg_2386           |    1|   0|    1|          0|
    |icmp_ln85_reg_2459           |    1|   0|    1|          0|
    |icmp_ln88_reg_2463           |    1|   0|    1|          0|
    |idx13_0_reg_797              |   31|   0|   31|          0|
    |idx14_0_reg_809              |   31|   0|   31|          0|
    |idx15_0_reg_821              |   31|   0|   31|          0|
    |idx17_0_reg_879              |   31|   0|   31|          0|
    |idx1_0_reg_445               |   31|   0|   31|          0|
    |idx216_0_reg_845             |   31|   0|   31|          0|
    |idx25_0_reg_515              |   31|   0|   31|          0|
    |idx29_0_reg_664              |   31|   0|   31|          0|
    |idx2_0_reg_457               |   31|   0|   31|          0|
    |idx2_3_reg_2607              |   31|   0|   31|          0|
    |idx2_4_reg_2929              |   31|   0|   31|          0|
    |idx2_reg_3124                |   31|   0|   31|          0|
    |idx310_0_reg_688             |   31|   0|   31|          0|
    |idx36_0_reg_526              |   31|   0|   31|          0|
    |idx3_0_reg_469               |   31|   0|   31|          0|
    |idx3_1_reg_3064              |   31|   0|   31|          0|
    |idx3_reg_2720                |   31|   0|   31|          0|
    |idx4_0_reg_492               |   31|   0|   31|          0|
    |idx7_0_reg_629               |   31|   0|   31|          0|
    |idx8_0_reg_652               |   31|   0|   31|          0|
    |idx_0_reg_433                |    5|   0|    5|          0|
    |idx_1_reg_2454               |   31|   0|   31|          0|
    |idx_2_reg_2470               |   31|   0|   31|          0|
    |idx_3_reg_2493               |   31|   0|   31|          0|
    |idx_4_reg_2784               |   31|   0|   31|          0|
    |idx_5_reg_3081               |   31|   0|   31|          0|
    |idx_6_reg_3098               |   31|   0|   31|          0|
    |idx_7_reg_3157               |   31|   0|   31|          0|
    |idx_8_reg_3116               |   31|   0|   31|          0|
    |idx_reg_2377                 |    5|   0|    5|          0|
    |indvar_flatten22_reg_481     |   96|   0|   96|          0|
    |indvar_flatten32_reg_676     |   64|   0|   64|          0|
    |indvar_flatten58_reg_641     |   96|   0|   96|          0|
    |indvar_flatten_reg_503       |   64|   0|   64|          0|
    |j_0_reg_584                  |   31|   0|   31|          0|
    |j_reg_2690                   |   31|   0|   31|          0|
    |k11_0_reg_700                |   31|   0|   31|          0|
    |k_0_reg_538                  |   31|   0|   31|          0|
    |k_1_reg_2995                 |   31|   0|   31|          0|
    |k_reg_2639                   |   31|   0|   31|          0|
    |mul_ln108_1_reg_2558         |   96|   0|   96|          0|
    |mul_ln108_reg_2542           |   64|   0|   64|          0|
    |mul_ln112_1_reg_2537         |   32|   0|   32|          0|
    |mul_ln112_reg_2532           |   32|   0|   32|          0|
    |mul_ln121_reg_2621           |   32|   0|   32|          0|
    |mul_ln132_reg_2644           |   32|   0|   32|          0|
    |mul_ln135_reg_2568           |   32|   0|   32|          0|
    |mul_ln138_reg_2631           |   32|   0|   32|          0|
    |mul_ln195_1_reg_2853         |   96|   0|   96|          0|
    |mul_ln195_reg_2832           |   64|   0|   64|          0|
    |mul_ln199_1_reg_2822         |   32|   0|   32|          0|
    |mul_ln199_reg_2817           |   32|   0|   32|          0|
    |mul_ln222_1_reg_2863         |   32|   0|   32|          0|
    |mul_ln222_2_reg_2976         |   32|   0|   32|          0|
    |mul_ln222_3_reg_2895         |   32|   0|   32|          0|
    |mul_ln222_4_reg_2943         |   32|   0|   32|          0|
    |mul_ln222_5_reg_2949         |   32|   0|   32|          0|
    |mul_ln222_6_reg_2971         |   32|   0|   32|          0|
    |mul_ln222_reg_2870           |   32|   0|   32|          0|
    |mul_ln227_1_reg_3005         |   32|   0|   32|          0|
    |mul_ln227_2_reg_2965         |   32|   0|   32|          0|
    |mul_ln227_reg_2890           |   32|   0|   32|          0|
    |mul_ln243_reg_2827           |   32|   0|   32|          0|
    |mul_ln99_1_reg_2480          |   32|   0|   32|          0|
    |mul_ln99_2_reg_2485          |   32|   0|   32|          0|
    |mul_ln99_reg_2475            |   32|   0|   32|          0|
    |reg_1004                     |   32|   0|   32|          0|
    |reg_1009                     |   32|   0|   32|          0|
    |reg_1014                     |   32|   0|   32|          0|
    |reg_1023                     |   32|   0|   32|          0|
    |reg_1031                     |   32|   0|   32|          0|
    |reg_1036                     |   32|   0|   32|          0|
    |reg_1041                     |   32|   0|   32|          0|
    |reg_1047                     |   32|   0|   32|          0|
    |reg_1053                     |   32|   0|   32|          0|
    |reg_1060                     |   32|   0|   32|          0|
    |reg_1066                     |   32|   0|   32|          0|
    |reg_981                      |   32|   0|   32|          0|
    |reg_987                      |   32|   0|   32|          0|
    |reg_993                      |   32|   0|   32|          0|
    |reg_999                      |   32|   0|   32|          0|
    |select_ln121_1_reg_2589      |   31|   0|   31|          0|
    |select_ln121_4_reg_2600      |    1|   0|    1|          0|
    |select_ln123_2_reg_2612      |   31|   0|   31|          0|
    |select_ln123_3_reg_2725      |   64|   0|   64|          0|
    |select_ln123_reg_2626        |   32|   0|   32|          0|
    |select_ln205_2_reg_2982      |   32|   0|   32|          0|
    |select_ln205_6_reg_2916      |    1|   0|    1|          0|
    |select_ln205_7_reg_2924      |   31|   0|   31|          0|
    |select_ln207_3_reg_2934      |   31|   0|   31|          0|
    |select_ln207_4_reg_3069      |   64|   0|   64|          0|
    |select_ln207_reg_2955        |   32|   0|   32|          0|
    |tmp31_reg_2672               |   32|   0|   32|          0|
    |tmp32_reg_2649               |   32|   0|   32|          0|
    |tmp33_reg_2654               |   32|   0|   32|          0|
    |tmp34_reg_2682               |   32|   0|   32|          0|
    |tmp_12_reg_2848              |   32|   0|   32|          0|
    |zext_ln215_reg_3015          |   31|   0|   32|          1|
    +-----------------------------+-----+----+-----+-----------+
    |Total                        | 5560|   0| 5561|          1|
    +-----------------------------+-----+----+-----+-----------+



================================================================
== Interface
================================================================
* Summary: 
+-----------------+-----+-----+--------------+-----------------+--------------+
|    RTL Ports    | Dir | Bits|   Protocol   |  Source Object  |    C Type    |
+-----------------+-----+-----+--------------+-----------------+--------------+
|ap_clk           |  in |    1| ap_ctrl_none |       cnn       | return value |
|ap_rst_n         |  in |    1| ap_ctrl_none |       cnn       | return value |
|in_data_TDATA    |  in |   32|     axis     |  in_data_data_V |    pointer   |
|in_data_TVALID   |  in |    1|     axis     |  in_data_dest_V |    pointer   |
|in_data_TREADY   | out |    1|     axis     |  in_data_dest_V |    pointer   |
|in_data_TDEST    |  in |    1|     axis     |  in_data_dest_V |    pointer   |
|in_data_TKEEP    |  in |    4|     axis     |  in_data_keep_V |    pointer   |
|in_data_TSTRB    |  in |    4|     axis     |  in_data_strb_V |    pointer   |
|in_data_TUSER    |  in |    1|     axis     |  in_data_user_V |    pointer   |
|in_data_TLAST    |  in |    1|     axis     |  in_data_last_V |    pointer   |
|in_data_TID      |  in |    1|     axis     |   in_data_id_V  |    pointer   |
|out_data_TDATA   | out |   32|     axis     | out_data_data_V |    pointer   |
|out_data_TVALID  | out |    1|     axis     | out_data_dest_V |    pointer   |
|out_data_TREADY  |  in |    1|     axis     | out_data_dest_V |    pointer   |
|out_data_TDEST   | out |    1|     axis     | out_data_dest_V |    pointer   |
|out_data_TKEEP   | out |    4|     axis     | out_data_keep_V |    pointer   |
|out_data_TSTRB   | out |    4|     axis     | out_data_strb_V |    pointer   |
|out_data_TUSER   | out |    1|     axis     | out_data_user_V |    pointer   |
|out_data_TLAST   | out |    1|     axis     | out_data_last_V |    pointer   |
|out_data_TID     | out |    1|     axis     |  out_data_id_V  |    pointer   |
+-----------------+-----+-----+--------------+-----------------+--------------+

